0 verbose cli /opt/homebrew/Cellar/node/21.7.2/bin/node /opt/homebrew/bin/npm
1 info using npm@10.5.0
2 info using node@v21.7.2
3 timing npm:load:whichnode Completed in 0ms
4 timing config:load:defaults Completed in 1ms
5 timing config:load:file:/opt/homebrew/lib/node_modules/npm/npmrc Completed in 1ms
6 timing config:load:builtin Completed in 1ms
7 timing config:load:cli Completed in 1ms
8 timing config:load:env Completed in 0ms
9 timing config:load:file:/Users/sabbir/Desktop/Projects/buaic/.npmrc Completed in 0ms
10 timing config:load:project Completed in 1ms
11 timing config:load:file:/Users/sabbir/.npmrc Completed in 0ms
12 timing config:load:user Completed in 0ms
13 timing config:load:file:/Users/sabbir/Desktop/Projects/buaic/C:UsersmynameAppDataRoamingnpm/etc/npmrc Completed in 0ms
14 timing config:load:global Completed in 0ms
15 timing config:load:setEnvs Completed in 1ms
16 timing config:load Completed in 6ms
17 timing npm:load:configload Completed in 6ms
18 timing config:load:flatten Completed in 1ms
19 timing npm:load:mkdirpcache Completed in 0ms
20 timing npm:load:mkdirplogs Completed in 0ms
21 verbose title npm run build
22 verbose argv "run" "build"
23 timing npm:load:setTitle Completed in 2ms
24 timing npm:load:display Completed in 0ms
25 verbose logfile logs-max:10 dir:/Users/sabbir/Desktop/Projects/buaic/C:UsersmynameAppDataRoamingnpm-cache/_logs/2024-04-19T03_12_28_098Z-
26 verbose logfile /Users/sabbir/Desktop/Projects/buaic/C:UsersmynameAppDataRoamingnpm-cache/_logs/2024-04-19T03_12_28_098Z-debug-0.log
27 timing npm:load:logFile Completed in 4ms
28 timing npm:load:timers Completed in 0ms
29 timing npm:load:configScope Completed in 0ms
30 timing npm:load Completed in 22ms
31 silly logfile done cleaning log files
32 timing command:run Completed in 495ms
33 verbose exit 0
34 timing npm Completed in 538ms
35 info ok
